<?xml version="1.0" encoding="UTF-8"?>
<TestRun id="9a029361-676b-40c4-8c00-8e18848197e6" name="JPerl@PEARLCLOUD 2011-09-14 19:41:31" runUser="PEARLCLOUD\JPerl" xmlns="http://microsoft.com/schemas/VisualStudio/TeamTest/2010">
  <TestSettings name="Local" id="632fa7af-9389-4c7a-8204-342adac6b902">
    <Description>These are default test settings for a local test run.</Description>
    <Deployment enabled="false" runDeploymentRoot="JPerl_PEARLCLOUD 2011-09-14 19_41_31" />
    <Execution>
      <TestTypeSpecific />
      <AgentRule name="Execution Agents">
      </AgentRule>
    </Execution>
  </TestSettings>
  <Times creation="2011-09-14T19:41:31.4490285-04:00" queuing="2011-09-14T19:41:31.6750414-04:00" start="2011-09-14T19:41:31.8080490-04:00" finish="2011-09-14T19:41:32.0470627-04:00" />
  <ResultSummary outcome="Completed">
    <Counters total="5" executed="5" passed="5" error="0" failed="0" timeout="0" aborted="0" inconclusive="0" passedButRunAborted="0" notRunnable="0" notExecuted="0" disconnected="0" warning="0" completed="0" inProgress="0" pending="0" />
  </ResultSummary>
  <TestDefinitions>
    <UnitTest name="NextRepeatDateOnOrAfterDateOnceTest" storage="c:\foundops\agile5\source-dev\server\foundops.server.tests\bin\debug\foundops.server.tests.dll" id="454d7857-0310-fcbb-23e4-05922391ed7f">
      <Execution timeOut="1800000" id="accbc232-53f4-44e0-960c-968b8fceb3d3" />
      <TestMethod codeBase="C:/FoundOps/Agile5/Source-DEV/Server/FoundOps.Server.Tests/bin/Debug/FoundOps.Server.Tests.DLL" adapterTypeName="Microsoft.VisualStudio.TestTools.TestTypes.Unit.UnitTestAdapter, Microsoft.VisualStudio.QualityTools.Tips.UnitTest.Adapter, Version=10.0.0.0, Culture=neutral, PublicKeyToken=b03f5f7f11d50a3a" className="FoundOps.Core.Server.Tests.RepeatTest, FoundOps.Server.Tests, Version=1.0.0.0, Culture=neutral, PublicKeyToken=null" name="NextRepeatDateOnOrAfterDateOnceTest" />
    </UnitTest>
    <UnitTest name="NextRepeatDateOnOrAfterDateMonthlyTest" storage="c:\foundops\agile5\source-dev\server\foundops.server.tests\bin\debug\foundops.server.tests.dll" id="559b296a-d0e8-87c1-19b0-5c8a13f03d6c">
      <Execution timeOut="1800000" id="df51b27d-fa85-4701-bcc8-cd2313e152c5" />
      <TestMethod codeBase="C:/FoundOps/Agile5/Source-DEV/Server/FoundOps.Server.Tests/bin/Debug/FoundOps.Server.Tests.DLL" adapterTypeName="Microsoft.VisualStudio.TestTools.TestTypes.Unit.UnitTestAdapter, Microsoft.VisualStudio.QualityTools.Tips.UnitTest.Adapter, Version=10.0.0.0, Culture=neutral, PublicKeyToken=b03f5f7f11d50a3a" className="FoundOps.Core.Server.Tests.RepeatTest, FoundOps.Server.Tests, Version=1.0.0.0, Culture=neutral, PublicKeyToken=null" name="NextRepeatDateOnOrAfterDateMonthlyTest" />
    </UnitTest>
    <UnitTest name="NextRepeatDateOnOrAfterDateWeeklyTest" storage="c:\foundops\agile5\source-dev\server\foundops.server.tests\bin\debug\foundops.server.tests.dll" id="951b2d4f-e30a-0a3b-2ed5-05f826cea8bd">
      <Execution timeOut="1800000" id="89c1f6a2-865e-4493-a0de-ff80a874de09" />
      <TestMethod codeBase="C:/FoundOps/Agile5/Source-DEV/Server/FoundOps.Server.Tests/bin/Debug/FoundOps.Server.Tests.DLL" adapterTypeName="Microsoft.VisualStudio.TestTools.TestTypes.Unit.UnitTestAdapter, Microsoft.VisualStudio.QualityTools.Tips.UnitTest.Adapter, Version=10.0.0.0, Culture=neutral, PublicKeyToken=b03f5f7f11d50a3a" className="FoundOps.Core.Server.Tests.RepeatTest, FoundOps.Server.Tests, Version=1.0.0.0, Culture=neutral, PublicKeyToken=null" name="NextRepeatDateOnOrAfterDateWeeklyTest" />
    </UnitTest>
    <UnitTest name="NextRepeatDateOnOrAfterDateYearlyTest" storage="c:\foundops\agile5\source-dev\server\foundops.server.tests\bin\debug\foundops.server.tests.dll" id="4cce9f50-1d81-936f-20fa-0c156b447d28">
      <Execution timeOut="1800000" id="b93b0ae8-f451-4810-a132-558564a78f95" />
      <TestMethod codeBase="C:/FoundOps/Agile5/Source-DEV/Server/FoundOps.Server.Tests/bin/Debug/FoundOps.Server.Tests.DLL" adapterTypeName="Microsoft.VisualStudio.TestTools.TestTypes.Unit.UnitTestAdapter, Microsoft.VisualStudio.QualityTools.Tips.UnitTest.Adapter, Version=10.0.0.0, Culture=neutral, PublicKeyToken=b03f5f7f11d50a3a" className="FoundOps.Core.Server.Tests.RepeatTest, FoundOps.Server.Tests, Version=1.0.0.0, Culture=neutral, PublicKeyToken=null" name="NextRepeatDateOnOrAfterDateYearlyTest" />
    </UnitTest>
    <UnitTest name="NextRepeatDateOnOrAfterDateDailyTest" storage="c:\foundops\agile5\source-dev\server\foundops.server.tests\bin\debug\foundops.server.tests.dll" id="968af0dc-3db5-dfc4-0756-c418536f259f">
      <Execution timeOut="1800000" id="69201406-a81e-4ebb-9b9a-c0d2f36b136c" />
      <TestMethod codeBase="C:/FoundOps/Agile5/Source-DEV/Server/FoundOps.Server.Tests/bin/Debug/FoundOps.Server.Tests.DLL" adapterTypeName="Microsoft.VisualStudio.TestTools.TestTypes.Unit.UnitTestAdapter, Microsoft.VisualStudio.QualityTools.Tips.UnitTest.Adapter, Version=10.0.0.0, Culture=neutral, PublicKeyToken=b03f5f7f11d50a3a" className="FoundOps.Core.Server.Tests.RepeatTest, FoundOps.Server.Tests, Version=1.0.0.0, Culture=neutral, PublicKeyToken=null" name="NextRepeatDateOnOrAfterDateDailyTest" />
    </UnitTest>
  </TestDefinitions>
  <TestLists>
    <TestList name="Results Not in a List" id="8c84fa94-04c1-424b-9868-57a2d4851a1d" />
    <TestList name="All Loaded Results" id="19431567-8539-422a-85d7-44ee4e166bda" />
  </TestLists>
  <TestEntries>
    <TestEntry testId="968af0dc-3db5-dfc4-0756-c418536f259f" executionId="69201406-a81e-4ebb-9b9a-c0d2f36b136c" testListId="8c84fa94-04c1-424b-9868-57a2d4851a1d" />
    <TestEntry testId="559b296a-d0e8-87c1-19b0-5c8a13f03d6c" executionId="df51b27d-fa85-4701-bcc8-cd2313e152c5" testListId="8c84fa94-04c1-424b-9868-57a2d4851a1d" />
    <TestEntry testId="454d7857-0310-fcbb-23e4-05922391ed7f" executionId="accbc232-53f4-44e0-960c-968b8fceb3d3" testListId="8c84fa94-04c1-424b-9868-57a2d4851a1d" />
    <TestEntry testId="951b2d4f-e30a-0a3b-2ed5-05f826cea8bd" executionId="89c1f6a2-865e-4493-a0de-ff80a874de09" testListId="8c84fa94-04c1-424b-9868-57a2d4851a1d" />
    <TestEntry testId="4cce9f50-1d81-936f-20fa-0c156b447d28" executionId="b93b0ae8-f451-4810-a132-558564a78f95" testListId="8c84fa94-04c1-424b-9868-57a2d4851a1d" />
  </TestEntries>
  <Results>
    <UnitTestResult executionId="69201406-a81e-4ebb-9b9a-c0d2f36b136c" testId="968af0dc-3db5-dfc4-0756-c418536f259f" testName="NextRepeatDateOnOrAfterDateDailyTest" computerName="PEARLCLOUD" duration="00:00:00.0760390" startTime="2011-09-14T19:41:31.8490514-04:00" endTime="2011-09-14T19:41:31.9680582-04:00" testType="13cdc9d9-ddb5-4fa4-a97d-d965ccfc6d4b" outcome="Passed" testListId="8c84fa94-04c1-424b-9868-57a2d4851a1d" relativeResultsDirectory="69201406-a81e-4ebb-9b9a-c0d2f36b136c">
    </UnitTestResult>
    <UnitTestResult executionId="df51b27d-fa85-4701-bcc8-cd2313e152c5" testId="559b296a-d0e8-87c1-19b0-5c8a13f03d6c" testName="NextRepeatDateOnOrAfterDateMonthlyTest" computerName="PEARLCLOUD" duration="00:00:00.0118039" startTime="2011-09-14T19:41:31.9690582-04:00" endTime="2011-09-14T19:41:31.9810589-04:00" testType="13cdc9d9-ddb5-4fa4-a97d-d965ccfc6d4b" outcome="Passed" testListId="8c84fa94-04c1-424b-9868-57a2d4851a1d" relativeResultsDirectory="df51b27d-fa85-4701-bcc8-cd2313e152c5">
    </UnitTestResult>
    <UnitTestResult executionId="accbc232-53f4-44e0-960c-968b8fceb3d3" testId="454d7857-0310-fcbb-23e4-05922391ed7f" testName="NextRepeatDateOnOrAfterDateOnceTest" computerName="PEARLCLOUD" duration="00:00:00.0003221" startTime="2011-09-14T19:41:31.9820590-04:00" endTime="2011-09-14T19:41:31.9830590-04:00" testType="13cdc9d9-ddb5-4fa4-a97d-d965ccfc6d4b" outcome="Passed" testListId="8c84fa94-04c1-424b-9868-57a2d4851a1d" relativeResultsDirectory="accbc232-53f4-44e0-960c-968b8fceb3d3">
    </UnitTestResult>
    <UnitTestResult executionId="89c1f6a2-865e-4493-a0de-ff80a874de09" testId="951b2d4f-e30a-0a3b-2ed5-05f826cea8bd" testName="NextRepeatDateOnOrAfterDateWeeklyTest" computerName="PEARLCLOUD" duration="00:00:00.0124396" startTime="2011-09-14T19:41:31.9830590-04:00" endTime="2011-09-14T19:41:31.9960598-04:00" testType="13cdc9d9-ddb5-4fa4-a97d-d965ccfc6d4b" outcome="Passed" testListId="8c84fa94-04c1-424b-9868-57a2d4851a1d" relativeResultsDirectory="89c1f6a2-865e-4493-a0de-ff80a874de09">
    </UnitTestResult>
    <UnitTestResult executionId="b93b0ae8-f451-4810-a132-558564a78f95" testId="4cce9f50-1d81-936f-20fa-0c156b447d28" testName="NextRepeatDateOnOrAfterDateYearlyTest" computerName="PEARLCLOUD" duration="00:00:00.0005027" startTime="2011-09-14T19:41:31.9960598-04:00" endTime="2011-09-14T19:41:31.9970598-04:00" testType="13cdc9d9-ddb5-4fa4-a97d-d965ccfc6d4b" outcome="Passed" testListId="8c84fa94-04c1-424b-9868-57a2d4851a1d" relativeResultsDirectory="b93b0ae8-f451-4810-a132-558564a78f95">
    </UnitTestResult>
  </Results>
</TestRun>