<?xml version="1.0" encoding="UTF-8"?>
<TestRun id="f3d544e9-1632-4d8e-baf6-e03d73a5561d" name="zbright@ZBRIGHT-DEV-PC 2011-11-07 17:18:42" runUser="zbright-DEV-PC\zbright" xmlns="http://microsoft.com/schemas/VisualStudio/TeamTest/2010">
  <TestSettings name="Local" id="b14c72ea-472a-4997-a6e1-23782892b422">
    <Description>These are default test settings for a local test run.</Description>
    <Deployment enabled="false" runDeploymentRoot="zbright_ZBRIGHT-DEV-PC 2011-11-07 17_18_42" />
    <Execution>
      <TestTypeSpecific />
      <AgentRule name="Execution Agents">
      </AgentRule>
    </Execution>
  </TestSettings>
  <Times creation="2011-11-07T17:18:42.1911520-05:00" queuing="2011-11-07T17:18:43.3622190-05:00" start="2011-11-07T17:18:43.5102274-05:00" finish="2011-11-07T17:18:49.5215713-05:00" />
  <ResultSummary outcome="Completed">
    <Counters total="1" executed="1" passed="1" error="0" failed="0" timeout="0" aborted="0" inconclusive="0" passedButRunAborted="0" notRunnable="0" notExecuted="0" disconnected="0" warning="0" completed="0" inProgress="0" pending="0" />
  </ResultSummary>
  <TestDefinitions>
    <UnitTest name="TestMethod1" storage="c:\foundops\agile5\source-dev\server\foundops.quickbookswf.tests\bin\debug\foundops.quickbookswf.tests.dll" id="ffbc853d-fd59-d07c-be76-c32a3eb10e10">
      <Execution id="44014444-bc40-4c53-910b-87813744415b" />
      <TestMethod codeBase="C:/FoundOps/Agile5/Source-DEV/Server/FoundOps.QuickBooksWF.Tests/bin/Debug/FoundOps.QuickBooksWF.Tests.DLL" adapterTypeName="Microsoft.VisualStudio.TestTools.TestTypes.Unit.UnitTestAdapter, Microsoft.VisualStudio.QualityTools.Tips.UnitTest.Adapter, Version=10.0.0.0, Culture=neutral, PublicKeyToken=b03f5f7f11d50a3a" className="FoundOps.QuickBooksWF.Tests.UnitTest1, FoundOps.QuickBooksWF.Tests, Version=1.0.0.0, Culture=neutral, PublicKeyToken=null" name="TestMethod1" />
    </UnitTest>
  </TestDefinitions>
  <TestLists>
    <TestList name="Results Not in a List" id="8c84fa94-04c1-424b-9868-57a2d4851a1d" />
    <TestList name="All Loaded Results" id="19431567-8539-422a-85d7-44ee4e166bda" />
  </TestLists>
  <TestEntries>
    <TestEntry testId="ffbc853d-fd59-d07c-be76-c32a3eb10e10" executionId="44014444-bc40-4c53-910b-87813744415b" testListId="8c84fa94-04c1-424b-9868-57a2d4851a1d" />
  </TestEntries>
  <Results>
    <UnitTestResult executionId="44014444-bc40-4c53-910b-87813744415b" testId="ffbc853d-fd59-d07c-be76-c32a3eb10e10" testName="TestMethod1" computerName="ZBRIGHT-DEV-PC" duration="00:00:04.5903853" startTime="2011-11-07T17:18:43.6502354-05:00" endTime="2011-11-07T17:18:49.4665681-05:00" testType="13cdc9d9-ddb5-4fa4-a97d-d965ccfc6d4b" outcome="Passed" testListId="8c84fa94-04c1-424b-9868-57a2d4851a1d" relativeResultsDirectory="44014444-bc40-4c53-910b-87813744415b">
    </UnitTestResult>
  </Results>
</TestRun>